<?xml version="1.0" encoding="UTF-8"?>
<con:testCase id="52185edc-6f25-49c6-a503-16b69a554c8a" discardOkResults="false" failOnError="false" failTestCaseOnErrors="true" keepSession="false" name="Test Case 1" searchProperties="true" timeout="0" xmlns:con="http://eviware.com/soapui/config">
  <con:settings>
    <con:setting id="IncludeOverview">true</con:setting>
    <con:setting id="IncludeResults">true</con:setting>
    <con:setting id="FlowLayout">false</con:setting>
    <con:setting id="ErrorDetails">true</con:setting>
    <con:setting id="IncludeCoverage">false</con:setting>
    <con:setting id="52185edc-6f25-49c6-a503-16b69a554c8afileName">Test-Case-1</con:setting>
  </con:settings>
  <con:savedRecentRuns>5</con:savedRecentRuns>
  <con:testStep type="datasource" name="Data Source" id="9e6d5a8e-37c5-48f5-9d19-274be8de2326">
    <con:settings/>
    <con:config xsi:type="con:DataSourceStep" xmlns:xsi="http://www.w3.org/2001/XMLSchema-instance">
      <con:dataSource type="Excel">
        <con:configuration>
          <file>C:/Users/sarah.souza/OneDrive - SmartBear Software, Inc/Excel/InternationalCities.xlsx</file>
          <worksheet/>
          <cell>A1</cell>
          <ignoreEmpty>false</ignoreEmpty>
          <evaluateFormulas>false</evaluateFormulas>
        </con:configuration>
      </con:dataSource>
      <con:shared>true</con:shared>
      <con:restartShared>true</con:restartShared>
      <con:property>City</con:property>
      <con:property>Country</con:property>
      <con:startRow>1</con:startRow>
      <con:endRow/>
      <con:recordsPerIteration>1</con:recordsPerIteration>
      <con:completeLastOperation>true</con:completeLastOperation>
      <con:trimValues>false</con:trimValues>
      <con:entitizeValues>false</con:entitizeValues>
      <con:restartOnRun>true</con:restartOnRun>
      <con:expandProperties>false</con:expandProperties>
      <con:stopDatasourceExhausted>false</con:stopDatasourceExhausted>
    </con:config>
  </con:testStep>
  <con:testStep type="restrequest" name="GetWeatherData" id="fdcefa7b-b670-443b-b43f-e33f1c93ccce">
    <con:settings/>
    <con:config service="http://api.openweathermap.org" resourcePath="/data/2.5/weather" methodName="Weather" xsi:type="con:RestRequestStep" xmlns:xsi="http://www.w3.org/2001/XMLSchema-instance">
      <con:restRequest name="GetWeatherData" id="7b18a784-89f5-4138-a772-b9367ebe5414" mediaType="application/json">
        <con:settings>
          <con:setting id="com.eviware.soapui.impl.wsdl.WsdlRequest@request-headers">&lt;xml-fragment/></con:setting>
        </con:settings>
        <con:endpoint>http://api.openweathermap.org</con:endpoint>
        <con:request/>
        <con:originalUri>http://api.openweathermap.org/data/2.5/weather</con:originalUri>
        <con:assertion type="Valid HTTP Status Codes" id="a319eda1-102c-4926-a7cc-c7940174ebf9" name="Valid HTTP Status Codes">
          <con:settings/>
          <con:configuration>
            <codes>200</codes>
          </con:configuration>
        </con:assertion>
        <con:assertion type="Response SLA Assertion" id="f9e02a3c-ff21-4948-82ff-b337414f53c2" name="Response SLA">
          <con:configuration>
            <SLA>200</SLA>
          </con:configuration>
        </con:assertion>
        <con:assertion type="DataAndMetadataAssertion" id="d80a55ca-a14e-40b9-b74a-31a257df3fb0" name="Smart Assertion">
          <con:configuration xsi:type="con:DataAndMetadataAssertion">
            <con:mode>Received Data</con:mode>
            <con:elements>
              <con:path>$['coord']['lon']</con:path>
              <con:element>lon</con:element>
              <con:operatorId>9</con:operatorId>
              <con:enabled>true</con:enabled>
              <con:expectedValue>-80.1937</con:expectedValue>
              <con:caseSensitive>true</con:caseSensitive>
              <con:numberType>true</con:numberType>
              <con:expectedDataType>2</con:expectedDataType>
            </con:elements>
            <con:elements>
              <con:path>$['coord']['lat']</con:path>
              <con:element>lat</con:element>
              <con:operatorId>12</con:operatorId>
              <con:enabled>true</con:enabled>
              <con:expectedValue>25.7743</con:expectedValue>
              <con:caseSensitive>true</con:caseSensitive>
              <con:numberType>true</con:numberType>
              <con:expectedDataType>2</con:expectedDataType>
            </con:elements>
            <con:elements>
              <con:path>$['weather'][0]['id']</con:path>
              <con:element>id</con:element>
              <con:operatorId>1</con:operatorId>
              <con:enabled>false</con:enabled>
              <con:expectedValue>803</con:expectedValue>
              <con:caseSensitive>true</con:caseSensitive>
              <con:numberType>true</con:numberType>
              <con:expectedDataType>2</con:expectedDataType>
            </con:elements>
            <con:elements>
              <con:path>$['weather'][0]['main']</con:path>
              <con:element>main</con:element>
              <con:operatorId>1</con:operatorId>
              <con:enabled>false</con:enabled>
              <con:expectedValue>Clouds</con:expectedValue>
              <con:caseSensitive>true</con:caseSensitive>
              <con:numberType>false</con:numberType>
              <con:expectedDataType>1</con:expectedDataType>
            </con:elements>
            <con:elements>
              <con:path>$['weather'][0]['description']</con:path>
              <con:element>description</con:element>
              <con:operatorId>1</con:operatorId>
              <con:enabled>false</con:enabled>
              <con:expectedValue>broken clouds</con:expectedValue>
              <con:caseSensitive>true</con:caseSensitive>
              <con:numberType>false</con:numberType>
              <con:expectedDataType>1</con:expectedDataType>
            </con:elements>
            <con:elements>
              <con:path>$['weather'][0]['icon']</con:path>
              <con:element>icon</con:element>
              <con:operatorId>1</con:operatorId>
              <con:enabled>false</con:enabled>
              <con:expectedValue>04d</con:expectedValue>
              <con:caseSensitive>true</con:caseSensitive>
              <con:numberType>false</con:numberType>
              <con:expectedDataType>1</con:expectedDataType>
            </con:elements>
            <con:elements>
              <con:path>$['base']</con:path>
              <con:element>base</con:element>
              <con:operatorId>1</con:operatorId>
              <con:enabled>false</con:enabled>
              <con:expectedValue>stations</con:expectedValue>
              <con:caseSensitive>true</con:caseSensitive>
              <con:numberType>false</con:numberType>
              <con:expectedDataType>1</con:expectedDataType>
            </con:elements>
            <con:elements>
              <con:path>$['main']['temp']</con:path>
              <con:element>temp</con:element>
              <con:operatorId>1</con:operatorId>
              <con:enabled>false</con:enabled>
              <con:expectedValue>302.77</con:expectedValue>
              <con:caseSensitive>true</con:caseSensitive>
              <con:numberType>true</con:numberType>
              <con:expectedDataType>2</con:expectedDataType>
            </con:elements>
            <con:elements>
              <con:path>$['main']['feels_like']</con:path>
              <con:element>feels_like</con:element>
              <con:operatorId>1</con:operatorId>
              <con:enabled>false</con:enabled>
              <con:expectedValue>306.23</con:expectedValue>
              <con:caseSensitive>true</con:caseSensitive>
              <con:numberType>true</con:numberType>
              <con:expectedDataType>2</con:expectedDataType>
            </con:elements>
            <con:elements>
              <con:path>$['main']['temp_min']</con:path>
              <con:element>temp_min</con:element>
              <con:operatorId>1</con:operatorId>
              <con:enabled>false</con:enabled>
              <con:expectedValue>302.03</con:expectedValue>
              <con:caseSensitive>true</con:caseSensitive>
              <con:numberType>true</con:numberType>
              <con:expectedDataType>2</con:expectedDataType>
            </con:elements>
            <con:elements>
              <con:path>$['main']['temp_max']</con:path>
              <con:element>temp_max</con:element>
              <con:operatorId>1</con:operatorId>
              <con:enabled>false</con:enabled>
              <con:expectedValue>304.26</con:expectedValue>
              <con:caseSensitive>true</con:caseSensitive>
              <con:numberType>true</con:numberType>
              <con:expectedDataType>2</con:expectedDataType>
            </con:elements>
            <con:elements>
              <con:path>$['main']['pressure']</con:path>
              <con:element>pressure</con:element>
              <con:operatorId>1</con:operatorId>
              <con:enabled>false</con:enabled>
              <con:expectedValue>1018</con:expectedValue>
              <con:caseSensitive>true</con:caseSensitive>
              <con:numberType>true</con:numberType>
              <con:expectedDataType>2</con:expectedDataType>
            </con:elements>
            <con:elements>
              <con:path>$['main']['humidity']</con:path>
              <con:element>humidity</con:element>
              <con:operatorId>1</con:operatorId>
              <con:enabled>false</con:enabled>
              <con:expectedValue>65</con:expectedValue>
              <con:caseSensitive>true</con:caseSensitive>
              <con:numberType>true</con:numberType>
              <con:expectedDataType>2</con:expectedDataType>
            </con:elements>
            <con:elements>
              <con:path>$['visibility']</con:path>
              <con:element>visibility</con:element>
              <con:operatorId>1</con:operatorId>
              <con:enabled>false</con:enabled>
              <con:expectedValue>10000</con:expectedValue>
              <con:caseSensitive>true</con:caseSensitive>
              <con:numberType>true</con:numberType>
              <con:expectedDataType>2</con:expectedDataType>
            </con:elements>
            <con:elements>
              <con:path>$['wind']['speed']</con:path>
              <con:element>speed</con:element>
              <con:operatorId>1</con:operatorId>
              <con:enabled>false</con:enabled>
              <con:expectedValue>8.23</con:expectedValue>
              <con:caseSensitive>true</con:caseSensitive>
              <con:numberType>true</con:numberType>
              <con:expectedDataType>2</con:expectedDataType>
            </con:elements>
            <con:elements>
              <con:path>$['wind']['deg']</con:path>
              <con:element>deg</con:element>
              <con:operatorId>1</con:operatorId>
              <con:enabled>false</con:enabled>
              <con:expectedValue>80</con:expectedValue>
              <con:caseSensitive>true</con:caseSensitive>
              <con:numberType>true</con:numberType>
              <con:expectedDataType>2</con:expectedDataType>
            </con:elements>
            <con:elements>
              <con:path>$['wind']['gust']</con:path>
              <con:element>gust</con:element>
              <con:operatorId>1</con:operatorId>
              <con:enabled>false</con:enabled>
              <con:expectedValue>10.8</con:expectedValue>
              <con:caseSensitive>true</con:caseSensitive>
              <con:numberType>true</con:numberType>
              <con:expectedDataType>2</con:expectedDataType>
            </con:elements>
            <con:elements>
              <con:path>$['clouds']['all']</con:path>
              <con:element>all</con:element>
              <con:operatorId>1</con:operatorId>
              <con:enabled>false</con:enabled>
              <con:expectedValue>75</con:expectedValue>
              <con:caseSensitive>true</con:caseSensitive>
              <con:numberType>true</con:numberType>
              <con:expectedDataType>2</con:expectedDataType>
            </con:elements>
            <con:elements>
              <con:path>$['dt']</con:path>
              <con:element>dt</con:element>
              <con:operatorId>1</con:operatorId>
              <con:enabled>false</con:enabled>
              <con:expectedValue>1683917259</con:expectedValue>
              <con:caseSensitive>true</con:caseSensitive>
              <con:numberType>true</con:numberType>
              <con:expectedDataType>2</con:expectedDataType>
            </con:elements>
            <con:elements>
              <con:path>$['sys']['type']</con:path>
              <con:element>type</con:element>
              <con:operatorId>1</con:operatorId>
              <con:enabled>false</con:enabled>
              <con:expectedValue>2</con:expectedValue>
              <con:caseSensitive>true</con:caseSensitive>
              <con:numberType>true</con:numberType>
              <con:expectedDataType>2</con:expectedDataType>
            </con:elements>
            <con:elements>
              <con:path>$['sys']['id']</con:path>
              <con:element>id</con:element>
              <con:operatorId>1</con:operatorId>
              <con:enabled>false</con:enabled>
              <con:expectedValue>2009435</con:expectedValue>
              <con:caseSensitive>true</con:caseSensitive>
              <con:numberType>true</con:numberType>
              <con:expectedDataType>2</con:expectedDataType>
            </con:elements>
            <con:elements>
              <con:path>$['sys']['country']</con:path>
              <con:element>country</con:element>
              <con:operatorId>1</con:operatorId>
              <con:enabled>false</con:enabled>
              <con:expectedValue>US</con:expectedValue>
              <con:caseSensitive>true</con:caseSensitive>
              <con:numberType>false</con:numberType>
              <con:expectedDataType>1</con:expectedDataType>
            </con:elements>
            <con:elements>
              <con:path>$['sys']['sunrise']</con:path>
              <con:element>sunrise</con:element>
              <con:operatorId>1</con:operatorId>
              <con:enabled>false</con:enabled>
              <con:expectedValue>1683887814</con:expectedValue>
              <con:caseSensitive>true</con:caseSensitive>
              <con:numberType>true</con:numberType>
              <con:expectedDataType>2</con:expectedDataType>
            </con:elements>
            <con:elements>
              <con:path>$['sys']['sunset']</con:path>
              <con:element>sunset</con:element>
              <con:operatorId>1</con:operatorId>
              <con:enabled>false</con:enabled>
              <con:expectedValue>1683935848</con:expectedValue>
              <con:caseSensitive>true</con:caseSensitive>
              <con:numberType>true</con:numberType>
              <con:expectedDataType>2</con:expectedDataType>
            </con:elements>
            <con:elements>
              <con:path>$['timezone']</con:path>
              <con:element>timezone</con:element>
              <con:operatorId>1</con:operatorId>
              <con:enabled>false</con:enabled>
              <con:expectedValue>-14400</con:expectedValue>
              <con:caseSensitive>true</con:caseSensitive>
              <con:numberType>true</con:numberType>
              <con:expectedDataType>2</con:expectedDataType>
            </con:elements>
            <con:elements>
              <con:path>$['id']</con:path>
              <con:element>id</con:element>
              <con:operatorId>1</con:operatorId>
              <con:enabled>false</con:enabled>
              <con:expectedValue>4164138</con:expectedValue>
              <con:caseSensitive>true</con:caseSensitive>
              <con:numberType>true</con:numberType>
              <con:expectedDataType>2</con:expectedDataType>
            </con:elements>
            <con:elements>
              <con:path>$['name']</con:path>
              <con:element>name</con:element>
              <con:operatorId>1</con:operatorId>
              <con:enabled>false</con:enabled>
              <con:expectedValue>Miami</con:expectedValue>
              <con:caseSensitive>true</con:caseSensitive>
              <con:numberType>false</con:numberType>
              <con:expectedDataType>1</con:expectedDataType>
            </con:elements>
            <con:elements>
              <con:path>$['cod']</con:path>
              <con:element>cod</con:element>
              <con:operatorId>1</con:operatorId>
              <con:enabled>false</con:enabled>
              <con:expectedValue>200</con:expectedValue>
              <con:caseSensitive>true</con:caseSensitive>
              <con:numberType>true</con:numberType>
              <con:expectedDataType>2</con:expectedDataType>
            </con:elements>
            <con:originalMessage>{"coord":{"lon":-80.1937,"lat":25.7743},"weather":[{"id":803,"main":"Clouds","description":"broken clouds","icon":"04d"}],"base":"stations","main":{"temp":302.77,"feels_like":306.23,"temp_min":302.03,"temp_max":304.26,"pressure":1018,"humidity":65},"visibility":10000,"wind":{"speed":8.23,"deg":80,"gust":10.8},"clouds":{"all":75},"dt":1683917259,"sys":{"type":2,"id":2009435,"country":"US","sunrise":1683887814,"sunset":1683935848},"timezone":-14400,"id":4164138,"name":"Miami","cod":200}</con:originalMessage>
          </con:configuration>
        </con:assertion>
        <con:assertion type="JsonPath Match" id="276e89d4-a0ef-4c0b-a198-87cb1ad61d6c" name="Match content of [country]">
          <con:configuration>
            <path>$['sys']['country']</path>
            <content>${Data Source#Country}</content>
            <allowWildcards>false</allowWildcards>
            <ignoreNamspaceDifferences>false</ignoreNamspaceDifferences>
            <ignoreComments>false</ignoreComments>
          </con:configuration>
        </con:assertion>
        <con:credentials>
          <con:selectedAuthProfile>Inherit From Parent</con:selectedAuthProfile>
          <con:authType>No Authorization</con:authType>
        </con:credentials>
        <con:jmsConfig JMSDeliveryMode="PERSISTENT"/>
        <con:parameters>
          <con:entry key="q" value="${Data Source#City}"/>
        </con:parameters>
        <con:parameterOrder>
          <con:entry>q</con:entry>
          <con:entry>appid</con:entry>
        </con:parameterOrder>
        <con:environmentSpec>
          <con:entry environmentId="b211a863-386b-4a34-8c62-638fdd685515">
            <con:authProfile>Inherit From Parent</con:authProfile>
          </con:entry>
        </con:environmentSpec>
      </con:restRequest>
    </con:config>
  </con:testStep>
  <con:testStep type="restrequest" name="SunRiseGet" id="8859de93-78de-49c0-8eef-33a3b97c7e21">
    <con:settings/>
    <con:config service="https://api.sunrisesunset.io" resourcePath="/json" methodName="Json" xsi:type="con:RestRequestStep" xmlns:xsi="http://www.w3.org/2001/XMLSchema-instance">
      <con:restRequest name="SunRiseGet" id="b608a5b4-4c4a-4d4f-b96a-fe73b0f15857" mediaType="application/json">
        <con:settings>
          <con:setting id="com.eviware.soapui.impl.wsdl.WsdlRequest@request-headers">&lt;xml-fragment/></con:setting>
        </con:settings>
        <con:endpoint>https://api.sunrisesunset.io</con:endpoint>
        <con:request/>
        <con:originalUri>https://api.sunrisesunset.io/json</con:originalUri>
        <con:assertion type="Valid HTTP Status Codes" id="8f187fe7-1b44-4086-bbdb-33307d8105d1" name="Valid HTTP Status Codes">
          <con:settings/>
          <con:configuration>
            <codes>200</codes>
          </con:configuration>
        </con:assertion>
        <con:credentials>
          <con:selectedAuthProfile>No Authorization</con:selectedAuthProfile>
          <con:authType>No Authorization</con:authType>
        </con:credentials>
        <con:jmsConfig JMSDeliveryMode="PERSISTENT"/>
        <con:parameters>
          <con:entry key="date" value="today"/>
          <con:entry key="lng" value="${GetWeatherData#Response#$['coord']['lon']}"/>
          <con:entry key="timezone" value="EST"/>
          <con:entry key="lat" value="${GetWeatherData#Response#$['coord']['lat']}"/>
        </con:parameters>
        <con:parameterOrder>
          <con:entry>lat</con:entry>
          <con:entry>lng</con:entry>
          <con:entry>timezone</con:entry>
          <con:entry>date</con:entry>
        </con:parameterOrder>
      </con:restRequest>
    </con:config>
  </con:testStep>
  <con:testStep type="delay" name="Delay" id="e320a507-3ce9-4e81-94c8-286cc5dc9e00">
    <con:settings/>
    <con:config>
      <delay>250</delay>
    </con:config>
  </con:testStep>
  <con:testStep type="datasourceloop" name="Data Source Loop" id="9bc8d76c-0b1e-4890-a5fa-d8c04cc1cb26">
    <con:settings/>
    <con:config>
      <dataSourceStep>Data Source</dataSourceStep>
      <targetStep>GetWeatherData</targetStep>
      <discardResults>false</discardResults>
    </con:config>
  </con:testStep>
  <con:properties/>
  <con:reportParameters/>
  <con:breakPoints>
    <con:testStepId>9e6d5a8e-37c5-48f5-9d19-274be8de2326</con:testStepId>
    <con:status>NONE</con:status>
    <con:properties/>
  </con:breakPoints>
  <con:breakPoints>
    <con:testStepId>fdcefa7b-b670-443b-b43f-e33f1c93ccce</con:testStepId>
    <con:status>NONE</con:status>
    <con:properties/>
  </con:breakPoints>
  <con:breakPoints>
    <con:testStepId>8859de93-78de-49c0-8eef-33a3b97c7e21</con:testStepId>
    <con:status>NONE</con:status>
    <con:properties/>
  </con:breakPoints>
  <con:breakPoints>
    <con:testStepId>e320a507-3ce9-4e81-94c8-286cc5dc9e00</con:testStepId>
    <con:status>NONE</con:status>
    <con:properties/>
  </con:breakPoints>
  <con:breakPoints>
    <con:testStepId>9bc8d76c-0b1e-4890-a5fa-d8c04cc1cb26</con:testStepId>
    <con:status>NONE</con:status>
    <con:properties/>
  </con:breakPoints>
  <con:tagId>8f03b7bb-5326-4470-84d5-dd56cd5ac4a5</con:tagId>
</con:testCase>
